<?xml version="1.0" encoding="UTF-8"?>
<testsuite name="ProductionStateTest" tests="3" skipped="0" failures="0" errors="0" timestamp="2022-01-24T12:10:54" hostname="LAPTOP-EILQL0GL" time="0.012">
  <properties/>
  <testcase name="getProductionTimeMultipleOutputs()" classname="ProductionStateTest" time="0.01"/>
  <testcase name="getProductionTimeOneOutput()" classname="ProductionStateTest" time="0.001"/>
  <testcase name="testGetProductionTimeNoOutputs()" classname="ProductionStateTest" time="0.001"/>
  <system-out><![CDATA[]]></system-out>
  <system-err><![CDATA[]]></system-err>
</testsuite>
